<?xml version="1.0" encoding="UTF-8"?>
<!-- Generated by org.testng.reporters.JUnitReportReporter -->
<testsuite skipped="0" hostname="Sony" name="com.testing.sampletestng.TestNgSampleTest" tests="2" failures="0" timestamp="16 Jul 2017 16:49:12 GMT" time="0.016" errors="0">
  <testcase name="f" time="0.013" classname="com.testing.sampletestng.TestNgSampleTest"/>
  <testcase name="f" time="0.003" classname="com.testing.sampletestng.TestNgSampleTest"/>
</testsuite> <!-- com.testing.sampletestng.TestNgSampleTest -->
